{"name": "test_user_registration", "status": "failed", "statusDetails": {"message": "AssertionError: Locator expected to have text 'Your Account Has Been Created!!'\nActual value: Your Account Has Been Created! \nCall log:\n  - Expect \"to_have_text\" with timeout 5000ms\n  - waiting for locator(\"h1:has-text(\\\"Your Account Has Been Created!\\\")\")\n    8 × locator resolved to <h1>Your Account Has Been Created!</h1>\n      - unexpected value \"Your Account Has Been Created!\"", "trace": "page = <Page url='https://tutorialsninja.com/demo/index.php?route=account/success'>\n\n    @pytest.mark.sanity\n    @pytest.mark.regression\n    def test_user_registration(page):\n        \"\"\"\n        Automated Test Case: Verify that a new user can successfully register an account.\n        \"\"\"\n    \n        # --- Step 1: Create Page Object Instances ---\n        home_page = HomePage(page)\n        registration_page = RegistrationPage(page)\n    \n        # --- Step 2: Navigate to Registration Page ---\n        home_page.click_my_account()\n        home_page.click_register()\n    \n        # --- Step 3: Generate Random Test Data ---\n        # Using RandomDataUtil to generate random user details\n        random_data = RandomDataUtil()\n        first_name = random_data.get_first_name()\n        last_name = random_data.get_last_name()\n        email = random_data.get_email()\n        phone = random_data.get_phone_number()\n        password = random_data.get_password()\n    \n        # --- Step 4: Fill Registration Form ---\n        registration_page.set_first_name(first_name)\n        registration_page.set_last_name(last_name)\n        registration_page.set_email(email)\n        registration_page.set_telephone(phone)\n        registration_page.set_password(password)\n        registration_page.set_confirm_password(password)\n    \n    \n        # --- Step 5: Accept Privacy Policy and Submit ---\n        registration_page.set_privacy_policy()\n        # page.wait_for_timeout(5000)\n        registration_page.click_continue()\n    \n        # --- Step 6: Verify Account Creation Confirmation ---\n        confirmation_msg = registration_page.get_confirmation_msg()\n>       expect(confirmation_msg).to_have_text(\"Your Account Has Been Created!!\")\nE       AssertionError: Locator expected to have text 'Your Account Has Been Created!!'\nE       Actual value: Your Account Has Been Created! \nE       Call log:\nE         - Expect \"to_have_text\" with timeout 5000ms\nE         - waiting for locator(\"h1:has-text(\\\"Your Account Has Been Created!\\\")\")\nE           8 × locator resolved to <h1>Your Account Has Been Created!</h1>\nE             - unexpected value \"Your Account Has Been Created!\"\n\ntests\\test_user_registration.py:73: AssertionError"}, "description": "\nAutomated Test Case: Verify that a new user can successfully register an account.\n", "attachments": [{"name": "stdout", "source": "a96d185e-a14c-41a5-a1c3-9b38647802dc-attachment.txt", "type": "text/plain"}], "start": 1771291012220, "stop": 1771291020961, "uuid": "e72a9671-a7a6-4ac7-99c7-d7e21861b2ed", "historyId": "541394ea0cfde4c8462c2d79980c4244", "testCaseId": "541394ea0cfde4c8462c2d79980c4244", "fullName": "tests.test_user_registration#test_user_registration", "labels": [{"name": "tag", "value": "regression"}, {"name": "tag", "value": "sanity"}, {"name": "parentSuite", "value": "tests"}, {"name": "suite", "value": "test_user_registration"}, {"name": "host", "value": "DESKTOP-HB6I2MC"}, {"name": "thread", "value": "29032-MainThread"}, {"name": "framework", "value": "pytest"}, {"name": "language", "value": "cpython3"}, {"name": "package", "value": "tests.test_user_registration"}], "titlePath": ["tests", "test_user_registration.py"]}